<?xml version="1.0" encoding="UTF-8"?>
<testsuite xmlns:xsi="http://www.w3.org/2001/XMLSchema-instance" xsi:noNamespaceSchemaLocation="https://maven.apache.org/surefire/maven-surefire-plugin/xsd/surefire-test-report-3.0.xsd" version="3.0" name="com.leucotron.api.ApiApplicationTests" time="3.702" tests="1" errors="0" skipped="0" failures="0">
  <properties>
[...]
</properties>
  <testcase name="contextLoads" classname="com.leucotron.api.ApiApplicationTests" time="1.005">
    <system-out><![CDATA[14:50:23.562 [main] INFO org.springframework.test.context.support.AnnotationConfigContextLoaderUtils -- Could not detect default configuration classes for test class [com.leucotron.api.ApiApplicationTests]: ApiApplicationTests does not declare any static, non-private, non-final, nested classes annotated with @Configuration.
14:50:23.716 [main] INFO org.springframework.boot.test.context.SpringBootTestContextBootstrapper -- Found @SpringBootConfiguration com.leucotron.api.ApiApplication for test class com.leucotron.api.ApiApplicationTests
14:50:23.917 [main] INFO org.springframework.boot.devtools.restart.RestartApplicationListener -- Restart disabled due to context in which it is running

  .   ____          _            __ _ _
 /\\ / ___'_ __ _ _(_)_ __  __ _ \ \ \ \
( ( )\___ | '_ | '_| | '_ \/ _` | \ \ \ \
 \\/  ___)| |_)| | | | | || (_| |  ) ) ) )
  '  |____| .__|_| |_|_| |_\__, | / / / /
 =========|_|==============|___/=/_/_/_/
 :: Spring Boot ::                (v3.2.0)

2023-12-19T14:50:24.291-03:00  INFO 12203 --- [           main] com.leucotron.api.ApiApplicationTests    : Starting ApiApplicationTests using Java 21.0.1 with PID 12203 (started by tsantos in /home/tsantos/workspace/tiago/api)
2023-12-19T14:50:24.294-03:00  INFO 12203 --- [           main] com.leucotron.api.ApiApplicationTests    : No active profile set, falling back to 1 default profile: "default"
2023-12-19T14:50:25.963-03:00  INFO 12203 --- [           main] com.leucotron.api.ApiApplicationTests    : Started ApiApplicationTests in 2.062 seconds (process running for 3.397)
]]></system-out>
    <system-err><![CDATA[WARNING: A Java agent has been loaded dynamically (/home/tsantos/.m2/repository/net/bytebuddy/byte-buddy-agent/1.14.10/byte-buddy-agent-1.14.10.jar)
WARNING: If a serviceability tool is in use, please run with -XX:+EnableDynamicAgentLoading to hide this warning
WARNING: If a serviceability tool is not in use, please run with -Djdk.instrument.traceUsage for more information
WARNING: Dynamic loading of agents will be disallowed by default in a future release
]]></system-err>
  </testcase>
</testsuite>